#
# There is insufficient memory for the Java Runtime Environment to continue.
# Native memory allocation (malloc) failed to allocate 984336 bytes for Chunk::new
# Possible reasons:
#   The system is out of physical RAM or swap space
#   In 32 bit mode, the process size limit was hit
# Possible solutions:
#   Reduce memory load on the system
#   Increase physical memory or swap space
#   Check if swap backing store is full
#   Use 64 bit Java on a 64 bit OS
#   Decrease Java heap size (-Xmx/-Xms)
#   Decrease number of Java threads
#   Decrease Java thread stack sizes (-Xss)
#   Set larger code cache with -XX:ReservedCodeCacheSize=
# This output file may be truncated or incomplete.
#
#  Out of Memory Error (allocation.cpp:390), pid=13796, tid=0x0000000000000f7c
#
# JRE version: Java(TM) SE Runtime Environment (8.0_181-b13) (build 1.8.0_181-b13)
# Java VM: Java HotSpot(TM) 64-Bit Server VM (25.181-b13 mixed mode windows-amd64 compressed oops)
# Failed to write core dump. Minidumps are not enabled by default on client versions of Windows
#

---------------  T H R E A D  ---------------

Current thread (0x000000001985e000):  JavaThread "C2 CompilerThread0" daemon [_thread_in_native, id=3964, stack(0x000000001a020000,0x000000001a120000)]

Stack: [0x000000001a020000,0x000000001a120000]
[error occurred during error reporting (printing stack bounds), id 0xc0000005]

Native frames: (J=compiled Java code, j=interpreted, Vv=VM code, C=native code)


Current CompileTask:
C2:   3757 2973       4       java.lang.Class::getMethod0 (40 bytes)


---------------  P R O C E S S  ---------------

Java Threads: ( => current thread )
  0x0000000019901800 JavaThread "Service Thread" daemon [_thread_blocked, id=18648, stack(0x000000001a420000,0x000000001a520000)]
  0x0000000019875800 JavaThread "C1 CompilerThread3" daemon [_thread_in_native, id=17464, stack(0x000000001a320000,0x000000001a420000)]
  0x000000001986c800 JavaThread "C2 CompilerThread2" daemon [_thread_in_native, id=19660, stack(0x000000001a220000,0x000000001a320000)]
  0x0000000019861000 JavaThread "C2 CompilerThread1" daemon [_thread_in_native, id=14084, stack(0x000000001a120000,0x000000001a220000)]
=>0x000000001985e000 JavaThread "C2 CompilerThread0" daemon [_thread_in_native, id=3964, stack(0x000000001a020000,0x000000001a120000)]
  0x000000001985c000 JavaThread "Attach Listener" daemon [_thread_blocked, id=17576, stack(0x0000000019f20000,0x000000001a020000)]
  0x000000001985b000 JavaThread "Signal Dispatcher" daemon [_thread_blocked, id=4588, stack(0x0000000019e20000,0x0000000019f20000)]
  0x0000000019850800 JavaThread "Finalizer" daemon [_thread_blocked, id=14780, stack(0x0000000019c30000,0x0000000019d30000)]
  0x0000000002b3a000 JavaThread "Reference Handler" daemon [_thread_blocked, id=18348, stack(0x0000000019730000,0x0000000019830000)]
  0x0000000002a44800 JavaThread "main" [_thread_in_vm, id=2192, stack(0x0000000002940000,0x0000000002a40000)]

Other Threads:
  0x0000000017929800 VMThread [stack: 0x0000000019630000,0x0000000019730000] [id=21480]
  0x000000001991a800 WatcherThread [stack: 0x000000001a520000,0x000000001a620000] [id=20952]

VM state:not at safepoint (normal execution)

VM Mutex/Monitor currently owned by a thread: None

Heap:
 PSYoungGen      total 36864K, used 31736K [0x00000000d6c00000, 0x00000000d9500000, 0x0000000100000000)
  eden space 31744K, 83% used [0x00000000d6c00000,0x00000000d85feda8,0x00000000d8b00000)
  from space 5120K, 99% used [0x00000000d9000000,0x00000000d94ff4c0,0x00000000d9500000)
  to   space 5120K, 0% used [0x00000000d8b00000,0x00000000d8b00000,0x00000000d9000000)
 ParOldGen       total 84992K, used 17690K [0x0000000084400000, 0x0000000089700000, 0x00000000d6c00000)
  object space 84992K, 20% used [0x0000000084400000,0x0000000085546b48,0x0000000089700000)
 Metaspace       used 19508K, capacity 19978K, committed 20224K, reserved 1067008K
  class space    used 2291K, capacity 2437K, committed 2560K, reserved 1048576K

Card table byte_map: [0x0000000011f00000,0x00000000122e0000] byte_map_base: 0x0000000011ade000

Marking Bits: (ParMarkBitMap*) 0x0000000068452d00
 Begin Bits: [0x0000000012d80000, 0x0000000014c70000)
 End Bits:   [0x0000000014c70000, 0x0000000016b60000)

Polling page: 0x00000000010d0000

CodeCache: size=245760Kb used=10316Kb max_used=10316Kb free=235443Kb
 bounds [0x0000000002b40000, 0x0000000003560000, 0x0000000011b40000]
 total_blobs=3449 nmethods=3032 adapters=328
 compilation: enabled

Compilation events (10 events):
Event: 3.717 Thread 0x0000000019875800 nmethod 3032 0x0000000003557290 code [0x0000000003557400, 0x0000000003557588]
Event: 3.717 Thread 0x0000000019875800 3033       3       java.beans.MethodDescriptor::<init> (48 bytes)
Event: 3.717 Thread 0x0000000019875800 nmethod 3033 0x0000000003557610 code [0x00000000035577c0, 0x0000000003557f38]
Event: 3.722 Thread 0x0000000019875800 3034       3       java.lang.Class::getDeclaringClass (22 bytes)
Event: 3.723 Thread 0x0000000019875800 nmethod 3034 0x0000000003558550 code [0x00000000035586e0, 0x0000000003558a68]
Event: 3.732 Thread 0x0000000019875800 3036       3       java.lang.reflect.Method::isSynthetic (5 bytes)
Event: 3.733 Thread 0x0000000019875800 nmethod 3036 0x0000000003558bd0 code [0x0000000003558d40, 0x0000000003558fd0]
Event: 3.733 Thread 0x0000000019875800 3037       3       java.lang.reflect.Executable::isSynthetic (8 bytes)
Event: 3.733 Thread 0x0000000019875800 nmethod 3037 0x0000000003559090 code [0x0000000003559200, 0x00000000035594c8]
Event: 3.753 Thread 0x0000000019875800 3039       3       java.beans.WeakIdentityMap::getIndex (7 bytes)

GC Heap History (10 events):
Event: 1.330 GC heap before
{Heap before GC invocations=2 (full 0):
 PSYoungGen      total 36864K, used 35764K [0x00000000d6c00000, 0x00000000d9500000, 0x0000000100000000)
  eden space 31744K, 99% used [0x00000000d6c00000,0x00000000d8afeb28,0x00000000d8b00000)
  from space 5120K, 78% used [0x00000000d8b00000,0x00000000d8eee508,0x00000000d9000000)
  to   space 5120K, 0% used [0x00000000d9000000,0x00000000d9000000,0x00000000d9500000)
 ParOldGen       total 84992K, used 16K [0x0000000084400000, 0x0000000089700000, 0x00000000d6c00000)
  object space 84992K, 0% used [0x0000000084400000,0x0000000084404000,0x0000000089700000)
 Metaspace       used 11292K, capacity 11764K, committed 12032K, reserved 1060864K
  class space    used 1298K, capacity 1454K, committed 1536K, reserved 1048576K
Event: 1.338 GC heap after
Heap after GC invocations=2 (full 0):
 PSYoungGen      total 36864K, used 5092K [0x00000000d6c00000, 0x00000000d9500000, 0x0000000100000000)
  eden space 31744K, 0% used [0x00000000d6c00000,0x00000000d6c00000,0x00000000d8b00000)
  from space 5120K, 99% used [0x00000000d9000000,0x00000000d94f9360,0x00000000d9500000)
  to   space 5120K, 0% used [0x00000000d8b00000,0x00000000d8b00000,0x00000000d9000000)
 ParOldGen       total 84992K, used 1474K [0x0000000084400000, 0x0000000089700000, 0x00000000d6c00000)
  object space 84992K, 1% used [0x0000000084400000,0x0000000084570aa8,0x0000000089700000)
 Metaspace       used 11292K, capacity 11764K, committed 12032K, reserved 1060864K
  class space    used 1298K, capacity 1454K, committed 1536K, reserved 1048576K
}
Event: 2.254 GC heap before
{Heap before GC invocations=3 (full 0):
 PSYoungGen      total 36864K, used 36836K [0x00000000d6c00000, 0x00000000d9500000, 0x0000000100000000)
  eden space 31744K, 100% used [0x00000000d6c00000,0x00000000d8b00000,0x00000000d8b00000)
  from space 5120K, 99% used [0x00000000d9000000,0x00000000d94f9360,0x00000000d9500000)
  to   space 5120K, 0% used [0x00000000d8b00000,0x00000000d8b00000,0x00000000d9000000)
 ParOldGen       total 84992K, used 1474K [0x0000000084400000, 0x0000000089700000, 0x00000000d6c00000)
  object space 84992K, 1% used [0x0000000084400000,0x0000000084570aa8,0x0000000089700000)
 Metaspace       used 14481K, capacity 14932K, committed 15232K, reserved 1062912K
  class space    used 1734K, capacity 1870K, committed 1920K, reserved 1048576K
Event: 2.264 GC heap after
Heap after GC invocations=3 (full 0):
 PSYoungGen      total 36864K, used 5088K [0x00000000d6c00000, 0x00000000d9500000, 0x0000000100000000)
  eden space 31744K, 0% used [0x00000000d6c00000,0x00000000d6c00000,0x00000000d8b00000)
  from space 5120K, 99% used [0x00000000d8b00000,0x00000000d8ff8148,0x00000000d9000000)
  to   space 5120K, 0% used [0x00000000d9000000,0x00000000d9000000,0x00000000d9500000)
 ParOldGen       total 84992K, used 4935K [0x0000000084400000, 0x0000000089700000, 0x00000000d6c00000)
  object space 84992K, 5% used [0x0000000084400000,0x00000000848d1d68,0x0000000089700000)
 Metaspace       used 14481K, capacity 14932K, committed 15232K, reserved 1062912K
  class space    used 1734K, capacity 1870K, committed 1920K, reserved 1048576K
}
Event: 2.499 GC heap before
{Heap before GC invocations=4 (full 0):
 PSYoungGen      total 36864K, used 36832K [0x00000000d6c00000, 0x00000000d9500000, 0x0000000100000000)
  eden space 31744K, 100% used [0x00000000d6c00000,0x00000000d8b00000,0x00000000d8b00000)
  from space 5120K, 99% used [0x00000000d8b00000,0x00000000d8ff8148,0x00000000d9000000)
  to   space 5120K, 0% used [0x00000000d9000000,0x00000000d9000000,0x00000000d9500000)
 ParOldGen       total 84992K, used 4935K [0x0000000084400000, 0x0000000089700000, 0x00000000d6c00000)
  object space 84992K, 5% used [0x0000000084400000,0x00000000848d1d68,0x0000000089700000)
 Metaspace       used 15226K, capacity 15668K, committed 15744K, reserved 1062912K
  class space    used 1786K, capacity 1902K, committed 1920K, reserved 1048576K
Event: 2.507 GC heap after
Heap after GC invocations=4 (full 0):
 PSYoungGen      total 36864K, used 5108K [0x00000000d6c00000, 0x00000000d9500000, 0x0000000100000000)
  eden space 31744K, 0% used [0x00000000d6c00000,0x00000000d6c00000,0x00000000d8b00000)
  from space 5120K, 99% used [0x00000000d9000000,0x00000000d94fd040,0x00000000d9500000)
  to   space 5120K, 0% used [0x00000000d8b00000,0x00000000d8b00000,0x00000000d9000000)
 ParOldGen       total 84992K, used 13500K [0x0000000084400000, 0x0000000089700000, 0x00000000d6c00000)
  object space 84992K, 15% used [0x0000000084400000,0x000000008512f3a8,0x0000000089700000)
 Metaspace       used 15226K, capacity 15668K, committed 15744K, reserved 1062912K
  class space    used 1786K, capacity 1902K, committed 1920K, reserved 1048576K
}
Event: 3.359 GC heap before
{Heap before GC invocations=5 (full 0):
 PSYoungGen      total 36864K, used 36852K [0x00000000d6c00000, 0x00000000d9500000, 0x0000000100000000)
  eden space 31744K, 100% used [0x00000000d6c00000,0x00000000d8b00000,0x00000000d8b00000)
  from space 5120K, 99% used [0x00000000d9000000,0x00000000d94fd040,0x00000000d9500000)
  to   space 5120K, 0% used [0x00000000d8b00000,0x00000000d8b00000,0x00000000d9000000)
 ParOldGen       total 84992K, used 13500K [0x0000000084400000, 0x0000000089700000, 0x00000000d6c00000)
  object space 84992K, 15% used [0x0000000084400000,0x000000008512f3a8,0x0000000089700000)
 Metaspace       used 18711K, capacity 19154K, committed 19328K, reserved 1067008K
  class space    used 2201K, capacity 2337K, committed 2432K, reserved 1048576K
Event: 3.366 GC heap after
Heap after GC invocations=5 (full 0):
 PSYoungGen      total 36864K, used 5100K [0x00000000d6c00000, 0x00000000d9500000, 0x0000000100000000)
  eden space 31744K, 0% used [0x00000000d6c00000,0x00000000d6c00000,0x00000000d8b00000)
  from space 5120K, 99% used [0x00000000d8b00000,0x00000000d8ffb3e8,0x00000000d9000000)
  to   space 5120K, 0% used [0x00000000d9000000,0x00000000d9000000,0x00000000d9500000)
 ParOldGen       total 84992K, used 16722K [0x0000000084400000, 0x0000000089700000, 0x00000000d6c00000)
  object space 84992K, 19% used [0x0000000084400000,0x0000000085454bb8,0x0000000089700000)
 Metaspace       used 18711K, capacity 19154K, committed 19328K, reserved 1067008K
  class space    used 2201K, capacity 2337K, committed 2432K, reserved 1048576K
}
Event: 3.592 GC heap before
{Heap before GC invocations=6 (full 0):
 PSYoungGen      total 36864K, used 36844K [0x00000000d6c00000, 0x00000000d9500000, 0x0000000100000000)
  eden space 31744K, 100% used [0x00000000d6c00000,0x00000000d8b00000,0x00000000d8b00000)
  from space 5120K, 99% used [0x00000000d8b00000,0x00000000d8ffb3e8,0x00000000d9000000)
  to   space 5120K, 0% used [0x00000000d9000000,0x00000000d9000000,0x00000000d9500000)
 ParOldGen       total 84992K, used 16722K [0x0000000084400000, 0x0000000089700000, 0x00000000d6c00000)
  object space 84992K, 19% used [0x0000000084400000,0x0000000085454bb8,0x0000000089700000)
 Metaspace       used 19361K, capacity 19818K, committed 20096K, reserved 1067008K
  class space    used 2275K, capacity 2405K, committed 2432K, reserved 1048576K
Event: 3.598 GC heap after
Heap after GC invocations=6 (full 0):
 PSYoungGen      total 36864K, used 5117K [0x00000000d6c00000, 0x00000000d9500000, 0x0000000100000000)
  eden space 31744K, 0% used [0x00000000d6c00000,0x00000000d6c00000,0x00000000d8b00000)
  from space 5120K, 99% used [0x00000000d9000000,0x00000000d94ff4c0,0x00000000d9500000)
  to   space 5120K, 0% used [0x00000000d8b00000,0x00000000d8b00000,0x00000000d9000000)
 ParOldGen       total 84992K, used 17690K [0x0000000084400000, 0x0000000089700000, 0x00000000d6c00000)
  object space 84992K, 20% used [0x0000000084400000,0x0000000085546b48,0x0000000089700000)
 Metaspace       used 19361K, capacity 19818K, committed 20096K, reserved 1067008K
  class space    used 2275K, capacity 2405K, committed 2432K, reserved 1048576K
}

Deoptimization events (10 events):
Event: 2.812 Thread 0x0000000002a44800 Uncommon trap: reason=bimorphic action=maybe_recompile pc=0x000000000339de20 method=java.util.stream.AbstractPipeline.copyInto(Ljava/util/stream/Sink;Ljava/util/Spliterator;)V @ 25
Event: 2.812 Thread 0x0000000002a44800 Uncommon trap: reason=bimorphic action=maybe_recompile pc=0x000000000339de20 method=java.util.stream.AbstractPipeline.copyInto(Ljava/util/stream/Sink;Ljava/util/Spliterator;)V @ 25
Event: 2.812 Thread 0x0000000002a44800 Uncommon trap: reason=unstable_if action=reinterpret pc=0x0000000002f38bf0 method=java.util.Date.normalize()Lsun/util/calendar/BaseCalendar$Date; @ 45
Event: 2.849 Thread 0x0000000002a44800 Uncommon trap: reason=unstable_if action=reinterpret pc=0x000000000330ae6c method=java.lang.ClassLoader.checkName(Ljava/lang/String;)Z @ 20
Event: 2.853 Thread 0x0000000002a44800 Uncommon trap: reason=bimorphic action=maybe_recompile pc=0x000000000339de20 method=java.util.stream.AbstractPipeline.copyInto(Ljava/util/stream/Sink;Ljava/util/Spliterator;)V @ 25
Event: 2.989 Thread 0x0000000002a44800 Uncommon trap: reason=unstable_if action=reinterpret pc=0x00000000032ca8bc method=java.lang.String$CaseInsensitiveComparator.compare(Ljava/lang/String;Ljava/lang/String;)I @ 70
Event: 2.992 Thread 0x0000000002a44800 Uncommon trap: reason=unstable_if action=reinterpret pc=0x0000000003113768 method=java.math.BigInteger.getInt(I)I @ 12
Event: 2.992 Thread 0x0000000002a44800 Uncommon trap: reason=unstable_if action=reinterpret pc=0x0000000002e4fefc method=java.util.zip.ZipEntry.setExtra0([BZ)V @ 32
Event: 3.024 Thread 0x0000000002a44800 Uncommon trap: reason=unstable_if action=reinterpret pc=0x0000000002f8cfa4 method=sun.misc.JarIndex.get(Ljava/lang/String;)Ljava/util/LinkedList; @ 27
Event: 3.079 Thread 0x0000000002a44800 Uncommon trap: reason=unloaded action=reinterpret pc=0x0000000002ec3c3c method=java.net.URL.<init>(Ljava/net/URL;Ljava/lang/String;Ljava/net/URLStreamHandler;)V @ 394

Classes redefined (0 events):
No events

Internal exceptions (10 events):
Event: 3.715 Thread 0x0000000002a44800 Exception <a 'java/lang/ClassNotFoundException': com/puppycrawl/tools/checkstyle/checks/whitespace/WhitespaceAfterCheckCustomizer> (0x00000000d7df55a0) thrown at [C:\re\workspace\8-2-build-windows-amd64-cygwin\jdk8u181\11358\hotspot\src\share\vm\classfile
Event: 3.722 Thread 0x0000000002a44800 Exception <a 'java/lang/ClassNotFoundException': com/puppycrawl/tools/checkstyle/checks/whitespace/WhitespaceAroundCheckBeanInfo> (0x00000000d7f78ac0) thrown at [C:\re\workspace\8-2-build-windows-amd64-cygwin\jdk8u181\11358\hotspot\src\share\vm\classfile\
Event: 3.722 Thread 0x0000000002a44800 Exception <a 'java/lang/ClassNotFoundException': com/puppycrawl/tools/checkstyle/checks/whitespace/WhitespaceAroundCheckCustomizer> (0x00000000d7f88748) thrown at [C:\re\workspace\8-2-build-windows-amd64-cygwin\jdk8u181\11358\hotspot\src\share\vm\classfil
Event: 3.732 Thread 0x0000000002a44800 Exception <a 'java/lang/ClassNotFoundException': com/puppycrawl/tools/checkstyle/checks/modifier/ModifierOrderCheckBeanInfo> (0x00000000d8115140) thrown at [C:\re\workspace\8-2-build-windows-amd64-cygwin\jdk8u181\11358\hotspot\src\share\vm\classfile\syste
Event: 3.732 Thread 0x0000000002a44800 Exception <a 'java/lang/ClassNotFoundException': com/puppycrawl/tools/checkstyle/checks/modifier/ModifierOrderCheckCustomizer> (0x00000000d8124408) thrown at [C:\re\workspace\8-2-build-windows-amd64-cygwin\jdk8u181\11358\hotspot\src\share\vm\classfile\sys
Event: 3.739 Thread 0x0000000002a44800 Exception <a 'java/lang/ClassNotFoundException': com/puppycrawl/tools/checkstyle/checks/modifier/RedundantModifierCheckBeanInfo> (0x00000000d828a7c0) thrown at [C:\re\workspace\8-2-build-windows-amd64-cygwin\jdk8u181\11358\hotspot\src\share\vm\classfile\s
Event: 3.740 Thread 0x0000000002a44800 Exception <a 'java/lang/ClassNotFoundException': com/puppycrawl/tools/checkstyle/checks/modifier/RedundantModifierCheckCustomizer> (0x00000000d829a220) thrown at [C:\re\workspace\8-2-build-windows-amd64-cygwin\jdk8u181\11358\hotspot\src\share\vm\classfile
Event: 3.746 Thread 0x0000000002a44800 Exception <a 'java/lang/ClassNotFoundException': com/puppycrawl/tools/checkstyle/checks/blocks/AvoidNestedBlocksCheckBeanInfo> (0x00000000d83c10f0) thrown at [C:\re\workspace\8-2-build-windows-amd64-cygwin\jdk8u181\11358\hotspot\src\share\vm\classfile\sys
Event: 3.747 Thread 0x0000000002a44800 Exception <a 'java/lang/ClassNotFoundException': com/puppycrawl/tools/checkstyle/checks/blocks/AvoidNestedBlocksCheckCustomizer> (0x00000000d83d0690) thrown at [C:\re\workspace\8-2-build-windows-amd64-cygwin\jdk8u181\11358\hotspot\src\share\vm\classfile\s
Event: 3.753 Thread 0x0000000002a44800 Exception <a 'java/lang/ClassNotFoundException': com/puppycrawl/tools/checkstyle/checks/blocks/EmptyBlockCheckBeanInfo> (0x00000000d84fb9a0) thrown at [C:\re\workspace\8-2-build-windows-amd64-cygwin\jdk8u181\11358\hotspot\src\share\vm\classfile\systemDict

Events (10 events):
Event: 3.752 loading class com/puppycrawl/tools/checkstyle/checks/blocks/BlockOption
Event: 3.752 loading class com/puppycrawl/tools/checkstyle/checks/blocks/BlockOption done
Event: 3.753 loading class com/puppycrawl/tools/checkstyle/checks/blocks/EmptyBlockCheckBeanInfo
Event: 3.753 loading class com/puppycrawl/tools/checkstyle/checks/blocks/EmptyBlockCheckBeanInfo done
Event: 3.753 loading class com/puppycrawl/tools/checkstyle/checks/blocks/EmptyBlockCheckBeanInfo
Event: 3.753 loading class com/puppycrawl/tools/checkstyle/checks/blocks/EmptyBlockCheckBeanInfo done
Event: 3.753 loading class com/puppycrawl/tools/checkstyle/checks/blocks/EmptyBlockCheckBeanInfo
Event: 3.753 loading class com/puppycrawl/tools/checkstyle/checks/blocks/EmptyBlockCheckBeanInfo done
Event: 3.753 loading class com/puppycrawl/tools/checkstyle/checks/blocks/EmptyBlockCheckCustomizer
Event: 3.753 loading class com/puppycrawl/tools/checkstyle/checks/blocks/EmptyBlockCheckCustomizer done


Dynamic libraries:
0x00007ff63df90000 - 0x00007ff63dfc7000 	C:\Program Files\Java\jre1.8.0_181\bin\javaw.exe
0x00007ff99e690000 - 0x00007ff99e871000 	C:\WINDOWS\SYSTEM32\ntdll.dll
0x00007ff99c000000 - 0x00007ff99c0b2000 	C:\WINDOWS\System32\KERNEL32.DLL
0x00007ff99b670000 - 0x00007ff99b8e3000 	C:\WINDOWS\System32\KERNELBASE.dll
0x00007ff99c7e0000 - 0x00007ff99c881000 	C:\WINDOWS\System32\ADVAPI32.dll
0x00007ff99bea0000 - 0x00007ff99bf3e000 	C:\WINDOWS\System32\msvcrt.dll
0x00007ff99bf40000 - 0x00007ff99bf9b000 	C:\WINDOWS\System32\sechost.dll
0x00007ff99caa0000 - 0x00007ff99cbc4000 	C:\WINDOWS\System32\RPCRT4.dll
0x00007ff99c910000 - 0x00007ff99caa0000 	C:\WINDOWS\System32\USER32.dll
0x00007ff99ac50000 - 0x00007ff99ac70000 	C:\WINDOWS\System32\win32u.dll
0x00007ff99be60000 - 0x00007ff99be88000 	C:\WINDOWS\System32\GDI32.dll
0x00007ff99aab0000 - 0x00007ff99ac42000 	C:\WINDOWS\System32\gdi32full.dll
0x00007ff99ac70000 - 0x00007ff99ad0f000 	C:\WINDOWS\System32\msvcp_win.dll
0x00007ff99b970000 - 0x00007ff99ba6a000 	C:\WINDOWS\System32\ucrtbase.dll
0x00007ff98f6a0000 - 0x00007ff98f909000 	C:\WINDOWS\WinSxS\amd64_microsoft.windows.common-controls_6595b64144ccf1df_6.0.17134.407_none_fb449d63306391e9\COMCTL32.dll
0x00007ff99bb30000 - 0x00007ff99be52000 	C:\WINDOWS\System32\combase.dll
0x00007ff99b8f0000 - 0x00007ff99b96a000 	C:\WINDOWS\System32\bcryptPrimitives.dll
0x00007ff99e630000 - 0x00007ff99e65d000 	C:\WINDOWS\System32\IMM32.DLL
0x0000000068560000 - 0x0000000068632000 	C:\Program Files\Java\jre1.8.0_181\bin\msvcr100.dll
0x0000000067c30000 - 0x00000000684d2000 	C:\Program Files\Java\jre1.8.0_181\bin\server\jvm.dll
0x00007ff99c890000 - 0x00007ff99c898000 	C:\WINDOWS\System32\PSAPI.DLL
0x00007ff9878a0000 - 0x00007ff9878a9000 	C:\WINDOWS\SYSTEM32\WSOCK32.dll
0x00007ff9906f0000 - 0x00007ff9906fa000 	C:\WINDOWS\SYSTEM32\VERSION.dll
0x00007ff99c8a0000 - 0x00007ff99c90c000 	C:\WINDOWS\System32\WS2_32.dll
0x00007ff997fe0000 - 0x00007ff998003000 	C:\WINDOWS\SYSTEM32\WINMM.dll
0x00007ff997e10000 - 0x00007ff997e3a000 	C:\WINDOWS\SYSTEM32\winmmbase.dll
0x00007ff99aa60000 - 0x00007ff99aaa9000 	C:\WINDOWS\System32\cfgmgr32.dll
0x0000000068990000 - 0x000000006899f000 	C:\Program Files\Java\jre1.8.0_181\bin\verify.dll
0x0000000068960000 - 0x0000000068989000 	C:\Program Files\Java\jre1.8.0_181\bin\java.dll
0x0000000068940000 - 0x0000000068956000 	C:\Program Files\Java\jre1.8.0_181\bin\zip.dll
0x00007ff99d120000 - 0x00007ff99e55f000 	C:\WINDOWS\System32\SHELL32.dll
0x00007ff99c730000 - 0x00007ff99c7d9000 	C:\WINDOWS\System32\shcore.dll
0x00007ff99ad70000 - 0x00007ff99b47d000 	C:\WINDOWS\System32\windows.storage.dll
0x00007ff99bfa0000 - 0x00007ff99bff1000 	C:\WINDOWS\System32\shlwapi.dll
0x00007ff99aa10000 - 0x00007ff99aa21000 	C:\WINDOWS\System32\kernel.appcore.dll
0x00007ff99a9f0000 - 0x00007ff99aa0f000 	C:\WINDOWS\System32\profapi.dll
0x00007ff99a9a0000 - 0x00007ff99a9ec000 	C:\WINDOWS\System32\powrprof.dll
0x00007ff99aa30000 - 0x00007ff99aa3a000 	C:\WINDOWS\System32\FLTLIB.DLL
0x0000000068920000 - 0x000000006893a000 	C:\Program Files\Java\jre1.8.0_181\bin\net.dll
0x00007ff99a1c0000 - 0x00007ff99a226000 	C:\WINDOWS\system32\mswsock.dll
0x0000000068900000 - 0x0000000068911000 	C:\Program Files\Java\jre1.8.0_181\bin\nio.dll

VM Arguments:
jvm_args: -Dant.home=C:\Users\Rose Song\.p2\pool\plugins\org.apache.ant_1.10.3.v20180417-1627 -Dant.library.dir=C:\Users\Rose Song\.p2\pool\plugins\org.apache.ant_1.10.3.v20180417-1627\lib -Djava.library.path=C:\Users\Rose Song\eclipse\java-photon\eclipse;C:\WINDOWS\Sun\Java\bin;C:\WINDOWS\system32;C:\WINDOWS;C:/Program Files/Java/jre1.8.0_181/bin/server;C:/Program Files/Java/jre1.8.0_181/bin;C:/Program Files/Java/jre1.8.0_181/lib/amd64;C:\Python27\;C:\Python27\Scripts;C:\ProgramData\Boxstarter;C:\Program Files (x86)\Common Files\Oracle\Java\javapath;C:\Program Files (x86)\Intel\Intel(R) Management Engine Components\iCLS\;C:\Program Files\Intel\Intel(R) Management Engine Components\iCLS\;C:\WINDOWS\system32;C:\WINDOWS;C:\WINDOWS\System32\Wbem;C:\WINDOWS\System32\WindowsPowerShell\v1.0\;C:\Program Files (x86)\Intel\Intel(R) Management Engine Components\DAL;C:\Program Files\Intel\Intel(R) Management Engine Components\DAL;C:\Program Files (x86)\Intel\Intel(R) Management Engine Components\IPT;C:\Program Files\Intel\Intel(R) Management Engine Components\IPT;C:\WINDOWS\System32\OpenSSH\;C:\Program Files\Git\cmd;C:\Program Files\nodejs\;C:\ProgramData\chocolatey\bin;C:\Program Files\Java\jdk1.8.0_181\bin;C:\Users\Rose Song\AppData\Local\Microsoft\WindowsApps;C:\Program Files\Java\ANT\apache-ant-1.10.5\bin;C:\Users\Rose Song\AppData\Roaming\npm;C:\Users\Rose Song\AppData\Local\GitHubDesktop\bin;C:\WINDOWS\system32;;.;C:\Users\Rose%20Song\eclipse\java-photon\eclipse\configuration\org.eclipse.osgi\421\0\.cp -Dfile.encoding=Cp1252 
java_command: org.eclipse.ant.internal.launching.remote.InternalAntRunner -Dorg.eclipse.ant.core.ANT_PROCESS_ID=1544032542695 -Declipse.connect.port=62607 -Dant.home=C:\Users\Rose Song\.p2\pool\plugins\org.apache.ant_1.10.3.v20180417-1627 -logger org.eclipse.ant.internal.launching.remote.logger.RemoteAntBuildLogger -inputhandler org.eclipse.ant.internal.ui.antsupport.inputhandler.ProxyInputHandler -buildfile C:\Users\Rose Song\eclipse-workspace\Assignment4\build.xml
java_class_path (initial): C:\Program Files\Java\jre1.8.0_181\lib\resources.jar;C:\Program Files\Java\jre1.8.0_181\lib\rt.jar;C:\Program Files\Java\jre1.8.0_181\lib\jsse.jar;C:\Program Files\Java\jre1.8.0_181\lib\jce.jar;C:\Program Files\Java\jre1.8.0_181\lib\charsets.jar;C:\Program Files\Java\jre1.8.0_181\lib\jfr.jar;C:\Program Files\Java\jre1.8.0_181\lib\ext\access-bridge-64.jar;C:\Program Files\Java\jre1.8.0_181\lib\ext\cldrdata.jar;C:\Program Files\Java\jre1.8.0_181\lib\ext\dnsns.jar;C:\Program Files\Java\jre1.8.0_181\lib\ext\jaccess.jar;C:\Program Files\Java\jre1.8.0_181\lib\ext\jfxrt.jar;C:\Program Files\Java\jre1.8.0_181\lib\ext\localedata.jar;C:\Program Files\Java\jre1.8.0_181\lib\ext\nashorn.jar;C:\Program Files\Java\jre1.8.0_181\lib\ext\sunec.jar;C:\Program Files\Java\jre1.8.0_181\lib\ext\sunjce_provider.jar;C:\Program Files\Java\jre1.8.0_181\lib\ext\sunmscapi.jar;C:\Program Files\Java\jre1.8.0_181\lib\ext\sunpkcs11.jar;C:\Program Files\Java\jre1.8.0_181\lib\ext\zipfs.jar;C:\Users\Rose Song\.p2\pool\plugins\org.apache.ant_1.10.3.v20180417-1627\lib\ant-antlr.jar;C:\Users\Rose Song\.p2\pool\plugins\org.apache.ant_1.10.3.v20180417-1627\lib\ant-apache-bcel.jar;C:\Users\Rose Song\.p2\pool\plugins\org.apache.ant_1.10.3.v20180417-1627\lib\ant-apache-bsf.jar;C:\Users\Rose Song\.p2\pool\plugins\org.apache.ant_1.10.3.v20180417-1627\lib\ant-apache-log4j.jar;C:\Users\Rose Song\.p2\pool\plugins\org.apache.ant_1.10.3.v20180417-1627\lib\ant-apache-oro.jar;C:\Users\Rose Song\.p2\pool\plugins\org.apache.ant_1.10.3.v20180417-1627\lib\ant-apache-regexp.jar;C:\Users\Rose Song\.p2\pool\plugins\org.apache.ant_1.10.3.v20180417-1627\lib\ant-apache-resolver.jar;C:\Users\Rose Song\.p2\pool\plugins\org.apache.ant_1.10.3.v20180417-1627\lib\ant-apache-xalan2.jar;C:\Users\Rose Song\.p2\pool\plugins\org.apache.ant_1.10.3.v20180417-1627\lib\ant-commons-logging.jar;C:\Users\Rose Song\.p2\pool\plugins\org.apache.ant_1.10.3.v20180417-1627\lib\ant-commons-net.jar;C:\Users\Rose Song\.p2\poo
Launcher Type: SUN_STANDARD

Environment Variables:
JAVA_HOME=C:\Program Files\Java\jdk1.8.0_181
PATH=C:/Program Files/Java/jre1.8.0_181/bin/server;C:/Program Files/Java/jre1.8.0_181/bin;C:/Program Files/Java/jre1.8.0_181/lib/amd64;C:\Python27\;C:\Python27\Scripts;C:\ProgramData\Boxstarter;C:\Program Files (x86)\Common Files\Oracle\Java\javapath;C:\Program Files (x86)\Intel\Intel(R) Management Engine Components\iCLS\;C:\Program Files\Intel\Intel(R) Management Engine Components\iCLS\;C:\WINDOWS\system32;C:\WINDOWS;C:\WINDOWS\System32\Wbem;C:\WINDOWS\System32\WindowsPowerShell\v1.0\;C:\Program Files (x86)\Intel\Intel(R) Management Engine Components\DAL;C:\Program Files\Intel\Intel(R) Management Engine Components\DAL;C:\Program Files (x86)\Intel\Intel(R) Management Engine Components\IPT;C:\Program Files\Intel\Intel(R) Management Engine Components\IPT;C:\WINDOWS\System32\OpenSSH\;C:\Program Files\Git\cmd;C:\Program Files\nodejs\;C:\ProgramData\chocolatey\bin;C:\Program Files\Java\jdk1.8.0_181\bin;C:\Users\Rose Song\AppData\Local\Microsoft\WindowsApps;C:\Program Files\Java\ANT\apache-ant-1.10.5\bin;C:\Users\Rose Song\AppData\Roaming\npm;C:\Users\Rose Song\AppData\Local\GitHubDesktop\bin;C:\WINDOWS\system32;
USERNAME=Rose Song
OS=Windows_NT
PROCESSOR_IDENTIFIER=Intel64 Family 6 Model 142 Stepping 10, GenuineIntel



---------------  S Y S T E M  ---------------

OS: Windows 10.0 , 64 bit Build 17134 (10.0.17134.1)

CPU:total 8 (initial active 8) (4 cores per cpu, 2 threads per core) family 6 model 142 stepping 10, cmov, cx8, fxsr, mmx, sse, sse2, sse3, ssse3, sse4.1, sse4.2, popcnt, avx, avx2, aes, clmul, erms, 3dnowpref, lzcnt, ht, tsc, tscinvbit, bmi1, bmi2, adx

Memory: 4k page, physical 8109768k(2166920k free), swap 23531716k(5160k free)

vm_info: Java HotSpot(TM) 64-Bit Server VM (25.181-b13) for windows-amd64 JRE (1.8.0_181-b13), built on Jul  7 2018 04:01:33 by "java_re" with MS VC++ 10.0 (VS2010)

time: Wed Dec 05 09:55:46 2018
elapsed time: 3 seconds (0d 0h 0m 3s)

